2015/06/06 13:05:55 にビルドを開始しました。
     1>ノード 3 上のプロジェクト "C:\Users\nishida.masashi\Desktop\UnQLite\UnQLite\UnQLite.vcxproj" (rebuild ターゲット)。
     1>_PrepareForClean:
         ファイル "Debug\UnQLite.lastbuildstate" を削除しています。
       InitializeBuildStatus:
         "AlwaysCreate" が指定されたため "Debug\UnQLite.unsuccessfulbuild" を作成しています。
       ClCompile:
         c:\Program Files\Microsoft Visual Studio 10.0\VC\bin\CL.exe /c /ZI /nologo /W3 /WX- /Od /Oy- /D WIN32 /D _DEBUG /D _LIB /D _WINDLL /D _UNICODE /D UNICODE /Gm /EHsc /RTC1 /MDd /GS /fp:precise /Zc:wchar_t /Zc:forScope /Fo"Debug\\" /Fd"Debug\vc100.pdb" /Gd /TC /analyze- /errorReport:prompt "unqlite-db-20130825-116\unqlite.c"
         unqlite.c
       Link:
         c:\Program Files\Microsoft Visual Studio 10.0\VC\bin\link.exe /ERRORREPORT:PROMPT /OUT:"C:\Users\nishida.masashi\Desktop\UnQLite\Debug\UnQLite.dll" /NOLOGO kernel32.lib user32.lib gdi32.lib winspool.lib comdlg32.lib advapi32.lib shell32.lib ole32.lib oleaut32.lib uuid.lib odbc32.lib odbccp32.lib /MANIFEST /ManifestFile:"Debug\UnQLite.dll.intermediate.manifest" /MANIFESTUAC:"level='asInvoker' uiAccess='false'" /DEBUG /PDB:"C:\Users\nishida.masashi\Desktop\UnQLite\Debug\UnQLite.pdb" /SUBSYSTEM:WINDOWS /TLBID:1 /DYNAMICBASE /NXCOMPAT /IMPLIB:"C:\Users\nishida.masashi\Desktop\UnQLite\Debug\UnQLite.lib" /MACHINE:X86 /DLL Debug\unqlite.obj
            ライブラリ C:\Users\nishida.masashi\Desktop\UnQLite\Debug\UnQLite.lib とオブジェクト C:\Users\nishida.masashi\Desktop\UnQLite\Debug\UnQLite.exp を作成中
         UnQLite.vcxproj -> C:\Users\nishida.masashi\Desktop\UnQLite\Debug\UnQLite.dll
       Manifest:
         C:\Program Files\Microsoft SDKs\Windows\v7.0A\bin\mt.exe /nologo /verbose /outputresource:"C:\Users\nishida.masashi\Desktop\UnQLite\Debug\UnQLite.dll;#2" /manifest Debug\UnQLite.dll.intermediate.manifest
       FinalizeBuildStatus:
         ファイル "Debug\UnQLite.unsuccessfulbuild" を削除しています。
         "Debug\UnQLite.lastbuildstate" のタッチ タスクを実行しています。
     1>プロジェクト "C:\Users\nishida.masashi\Desktop\UnQLite\UnQLite\UnQLite.vcxproj" (rebuild ターゲット) のビルドが完了しました。

ビルドに成功しました。

経過時間 00:00:02.09
