C:\USERS\NISHIDA.MASASHI\DESKTOP\UNQLITE_VBNET_TEST-MASTER\UNQLITE\DEBUG\UNQLITE.DLL
C:\Users\nishida.masashi\Desktop\unqlite_vbnet_test-master\UnQLite\Debug\UnQLite.exp
C:\USERS\NISHIDA.MASASHI\DESKTOP\UNQLITE_VBNET_TEST-MASTER\UNQLITE\DEBUG\UNQLITE.ILK
C:\Users\nishida.masashi\Desktop\unqlite_vbnet_test-master\UnQLite\Debug\UnQLite.lib
C:\USERS\NISHIDA.MASASHI\DESKTOP\UNQLITE_VBNET_TEST-MASTER\UNQLITE\DEBUG\UNQLITE.PDB
C:\Users\nishida.masashi\Desktop\unqlite_vbnet_test-master\UnQLite\UnQLite\Debug\cl.command.1.tlog
C:\Users\nishida.masashi\Desktop\unqlite_vbnet_test-master\UnQLite\UnQLite\Debug\CL.read.1.tlog
C:\Users\nishida.masashi\Desktop\unqlite_vbnet_test-master\UnQLite\UnQLite\Debug\CL.write.1.tlog
C:\Users\nishida.masashi\Desktop\unqlite_vbnet_test-master\UnQLite\UnQLite\Debug\link.command.1.tlog
C:\Users\nishida.masashi\Desktop\unqlite_vbnet_test-master\UnQLite\UnQLite\Debug\link.read.1.tlog
C:\Users\nishida.masashi\Desktop\unqlite_vbnet_test-master\UnQLite\UnQLite\Debug\link.write.1.tlog
C:\Users\nishida.masashi\Desktop\unqlite_vbnet_test-master\UnQLite\UnQLite\Debug\mt.command.1.tlog
C:\Users\nishida.masashi\Desktop\unqlite_vbnet_test-master\UnQLite\UnQLite\Debug\mt.read.1.tlog
C:\Users\nishida.masashi\Desktop\unqlite_vbnet_test-master\UnQLite\UnQLite\Debug\mt.write.1.tlog
C:\USERS\NISHIDA.MASASHI\DESKTOP\UNQLITE_VBNET_TEST-MASTER\UNQLITE\UNQLITE\DEBUG\UNQLITE.DLL.INTERMEDIATE.MANIFEST
C:\USERS\NISHIDA.MASASHI\DESKTOP\UNQLITE_VBNET_TEST-MASTER\UNQLITE\UNQLITE\DEBUG\UNQLITE.OBJ
C:\Users\nishida.masashi\Desktop\unqlite_vbnet_test-master\UnQLite\UnQLite\Debug\UnQLite.vcxprojResolveAssemblyReference.cache
C:\Users\nishida.masashi\Desktop\unqlite_vbnet_test-master\UnQLite\UnQLite\Debug\UnQLite.write.1.tlog
C:\Users\nishida.masashi\Desktop\unqlite_vbnet_test-master\UnQLite\UnQLite\Debug\vc100.idb
C:\USERS\NISHIDA.MASASHI\DESKTOP\UNQLITE_VBNET_TEST-MASTER\UNQLITE\UNQLITE\DEBUG\VC100.PDB
