C:\USERS\NISHIDA.MASASHI\DESKTOP\UNQLITE\DEBUG\UNQLITECLR.DLL
C:\USERS\NISHIDA.MASASHI\DESKTOP\UNQLITE\DEBUG\UNQLITECLR.ILK
C:\USERS\NISHIDA.MASASHI\DESKTOP\UNQLITE\DEBUG\UNQLITECLR.PDB
C:\USERS\NISHIDA.MASASHI\DESKTOP\UNQLITE\UNQLITECLR\DEBUG\.NETFRAMEWORK,VERSION=V4.0.ASSEMBLYATTRIBUTES.OBJ
C:\Users\nishida.masashi\Desktop\UnQLite\UnQLiteCLR\Debug\cl.command.1.tlog
C:\Users\nishida.masashi\Desktop\UnQLite\UnQLiteCLR\Debug\CL.read.1.tlog
C:\Users\nishida.masashi\Desktop\UnQLite\UnQLiteCLR\Debug\CL.write.1.tlog
C:\Users\nishida.masashi\Desktop\UnQLite\UnQLiteCLR\Debug\link.6260.read.1.tlog
C:\Users\nishida.masashi\Desktop\UnQLite\UnQLiteCLR\Debug\link.6260.write.1.tlog
C:\Users\nishida.masashi\Desktop\UnQLite\UnQLiteCLR\Debug\link.command.1.tlog
C:\Users\nishida.masashi\Desktop\UnQLite\UnQLiteCLR\Debug\link.read.1.tlog
C:\Users\nishida.masashi\Desktop\UnQLite\UnQLiteCLR\Debug\link.write.1.tlog
C:\Users\nishida.masashi\Desktop\UnQLite\UnQLiteCLR\Debug\metagen.read.1.tlog
C:\Users\nishida.masashi\Desktop\UnQLite\UnQLiteCLR\Debug\metagen.write.1.tlog
C:\Users\nishida.masashi\Desktop\UnQLite\UnQLiteCLR\Debug\mt.command.1.tlog
C:\Users\nishida.masashi\Desktop\UnQLite\UnQLiteCLR\Debug\mt.read.1.tlog
C:\Users\nishida.masashi\Desktop\UnQLite\UnQLiteCLR\Debug\mt.write.1.tlog
C:\Users\nishida.masashi\Desktop\UnQLite\UnQLiteCLR\Debug\RSAENH.DLL.bi
C:\Users\nishida.masashi\Desktop\UnQLite\UnQLiteCLR\Debug\TZRES.DLL.bi
C:\USERS\NISHIDA.MASASHI\DESKTOP\UNQLITE\UNQLITECLR\DEBUG\UNQLITECLR.DLL.INTERMEDIATE.MANIFEST
C:\Users\nishida.masashi\Desktop\UnQLite\UnQLiteCLR\Debug\UnQLiteCLR.write.1.tlog
C:\USERS\NISHIDA.MASASHI\DESKTOP\UNQLITE\UNQLITECLR\DEBUG\UNQLITEWRAPPER.OBJ
C:\USERS\NISHIDA.MASASHI\DESKTOP\UNQLITE\UNQLITECLR\DEBUG\VC100.PDB
