2015/06/08 19:50:29 にビルドを開始しました。
     1>ノード 2 上のプロジェクト "C:\Users\nishida.masashi\Desktop\unqlite_vbnet_test-master\UnQLite\UnQLiteCLR\UnQLiteCLR.vcxproj" (build ターゲット)。
     1>InitializeBuildStatus:
         "AlwaysCreate" が指定されたため "Debug\UnQLiteCLR.unsuccessfulbuild" を作成しています。
       GenerateTargetFrameworkMonikerAttribute:
       すべての出力ファイルが入力ファイルに対して最新なので、ターゲット "GenerateTargetFrameworkMonikerAttribute" を省略します。
       ClCompile:
         すべての出力が最新のものです。
         すべての出力が最新のものです。
       Link:
         すべての出力が最新のものです。
         UnQLiteCLR.vcxproj -> C:\Users\nishida.masashi\Desktop\unqlite_vbnet_test-master\UnQLite\Debug\UnQLiteCLR.dll
       MetaGen:
       すべての出力ファイルが入力ファイルに対して最新なので、ターゲット "MetaGen" を省略します。
       FinalizeBuildStatus:
         ファイル "Debug\UnQLiteCLR.unsuccessfulbuild" を削除しています。
         "Debug\UnQLiteCLR.lastbuildstate" のタッチ タスクを実行しています。
     1>プロジェクト "C:\Users\nishida.masashi\Desktop\unqlite_vbnet_test-master\UnQLite\UnQLiteCLR\UnQLiteCLR.vcxproj" (build ターゲット) のビルドが完了しました。

ビルドに成功しました。

経過時間 00:00:00.16
